Release 9.2i Map J.36
Xilinx Mapping Report File for Design 'mylab4'

Design Information
------------------
Command Line   : C:\Xilinx92i\bin\nt\map.exe -ise C:/Users/Syed/Google
Drive/fpga fall15/4/New/lab4/lab4.ise -intstyle ise -p xc2vp30-ff896-7 -cm area
-pr b -k 4 -c 100 -tx off -o mylab4_map.ncd mylab4.ngd mylab4.pcf 
Target Device  : xc2vp30
Target Package : ff896
Target Speed   : -7
Mapper Version : virtex2p -- $Revision: 1.36 $
Mapped Date    : Wed Oct 28 20:54:17 2015

Design Summary
--------------
Number of errors:      0
Number of warnings:    0
Logic Utilization:
  Number of Slice Flip Flops:          47 out of  27,392    1%
  Number of 4 input LUTs:              62 out of  27,392    1%
Logic Distribution:
  Number of occupied Slices:           57 out of  13,696    1%
  Number of Slices containing only related logic:      57 out of      57  100%
  Number of Slices containing unrelated logic:          0 out of      57    0%
        *See NOTES below for an explanation of the effects of unrelated logic
Total Number of 4 input LUTs:             79 out of  27,392    1%
  Number used as logic:                62
  Number used as a route-thru:         17

  Number of bonded IOBs:               32 out of     556    5%
    IOB Flip Flops:                     3
  Number of PPC405s:                   0 out of       2    0%
  Number of Block RAMs:                 1 out of     136    1%
  Number of GCLKs:                      3 out of      16   18%
  Number of GTs:                        0 out of       8    0%
  Number of GT10s:                      0 out of       0    0%

Total equivalent gate count for design:  66,431
Additional JTAG gate count for IOBs:  1,536
Peak Memory Usage:  267 MB
Total REAL time to MAP completion:  6 secs 
Total CPU time to MAP completion:   1 secs 

NOTES:

   Related logic is defined as being logic that shares connectivity - e.g. two
   LUTs are "related" if they share common inputs.  When assembling slices,
   Map gives priority to combine logic that is related.  Doing so results in
   the best timing performance.

   Unrelated logic shares no connectivity.  Map will only begin packing
   unrelated logic into a slice once 99% of the slices are occupied through
   related logic packing.

   Note that once logic distribution reaches the 99% level through related
   logic packing, this does not mean the device is completely utilized.
   Unrelated logic packing will then begin, continuing until all usable LUTs
   and FFs are occupied.  Depending on your timing budget, increased levels of
   unrelated logic packing may adversely affect the overall timing performance
   of your design.

Table of Contents
-----------------
Section 1 - Errors
Section 2 - Warnings
Section 3 - Informational
Section 4 - Removed Logic Summary
Section 5 - Removed Logic
Section 6 - IOB Properties
Section 7 - RPMs
Section 8 - Guide Report
Section 9 - Area Group and Partition Summary
Section 10 - Modular Design Summary
Section 11 - Timing Report
Section 12 - Configuration String Information
Section 13 - Control Set Information

Section 1 - Errors
------------------

Section 2 - Warnings
--------------------

Section 3 - Informational
-------------------------
INFO:MapLib:562 - No environment variables are currently set.
INFO:MapLib:863 - The following Virtex BUFG(s) is/are being retargeted to
   Virtex2 BUFGMUX(s) with input tied to I0 and Select pin tied to constant 0:
   BUFGP symbol "clk_BUFGP" (output signal=clk_BUFGP),
   BUFGP symbol "kb_clock_BUFGP" (output signal=kb_clock_BUFGP),
   BUFG symbol "vga_unit/pixel_clock_BUFG" (output signal=vga_unit/pixel_clock)
INFO:LIT:244 - All of the single ended outputs in this design are using slew
   rate limited output drivers. The delay on speed critical single ended outputs
   can be dramatically reduced by designating them as fast outputs in the
   schematic.

Section 4 - Removed Logic Summary
---------------------------------
   2 block(s) removed
   4 block(s) optimized away

Section 5 - Removed Logic
-------------------------
Unused block "vga_unit/rom_unit/GND" (ZERO) removed.
Unused block "vga_unit/rom_unit/VCC" (ONE) removed.

Optimized Block(s):
TYPE 		BLOCK
GND 		XST_GND
VCC 		XST_VCC
GND 		vga_unit/rom_unit/BU2/XST_GND
VCC 		vga_unit/rom_unit/BU2/XST_VCC

To enable printing of redundant blocks removed and signals merged, set the
detailed map report option and rerun map.

Section 6 - IOB Properties
--------------------------

+------------------------------------------------------------------------------------------------------------------------+
| IOB Name                           | Type    | Direction | IO Standard | Drive    | Slew | Reg (s)  | Resistor | IOB   |
|                                    |         |           |             | Strength | Rate |          |          | Delay |
+------------------------------------------------------------------------------------------------------------------------+
| bl<0>                              | IOB     | OUTPUT    | LVCMOS25    | 12       | SLOW |          |          |       |
| bl<1>                              | IOB     | OUTPUT    | LVCMOS25    | 12       | SLOW |          |          |       |
| bl<2>                              | IOB     | OUTPUT    | LVCMOS25    | 12       | SLOW |          |          |       |
| bl<3>                              | IOB     | OUTPUT    | LVCMOS25    | 12       | SLOW |          |          |       |
| bl<4>                              | IOB     | OUTPUT    | LVCMOS25    | 12       | SLOW |          |          |       |
| bl<5>                              | IOB     | OUTPUT    | LVCMOS25    | 12       | SLOW |          |          |       |
| bl<6>                              | IOB     | OUTPUT    | LVCMOS25    | 12       | SLOW |          |          |       |
| bl<7>                              | IOB     | OUTPUT    | LVCMOS25    | 12       | SLOW |          |          |       |
| blnk                               | IOB     | OUTPUT    | LVCMOS25    | 12       | SLOW |          |          |       |
| clk                                | IOB     | INPUT     | LVCMOS25    |          |      |          |          |       |
| cs                                 | IOB     | OUTPUT    | LVCMOS25    | 12       | SLOW |          |          |       |
| data                               | IOB     | INPUT     | LVCMOS25    |          |      | INFF1    |          | IFD   |
| gr<0>                              | IOB     | OUTPUT    | LVCMOS25    | 12       | SLOW |          |          |       |
| gr<1>                              | IOB     | OUTPUT    | LVCMOS25    | 12       | SLOW |          |          |       |
| gr<2>                              | IOB     | OUTPUT    | LVCMOS25    | 12       | SLOW |          |          |       |
| gr<3>                              | IOB     | OUTPUT    | LVCMOS25    | 12       | SLOW |          |          |       |
| gr<4>                              | IOB     | OUTPUT    | LVCMOS25    | 12       | SLOW |          |          |       |
| gr<5>                              | IOB     | OUTPUT    | LVCMOS25    | 12       | SLOW |          |          |       |
| gr<6>                              | IOB     | OUTPUT    | LVCMOS25    | 12       | SLOW |          |          |       |
| gr<7>                              | IOB     | OUTPUT    | LVCMOS25    | 12       | SLOW |          |          |       |
| hs                                 | IOB     | OUTPUT    | LVCMOS25    | 12       | SLOW | OFF1     |          |       |
| kb_clock                           | IOB     | INPUT     | LVCMOS25    |          |      |          |          |       |
| pclk                               | IOB     | OUTPUT    | LVCMOS25    | 12       | SLOW |          |          |       |
| rd<0>                              | IOB     | OUTPUT    | LVCMOS25    | 12       | SLOW |          |          |       |
| rd<1>                              | IOB     | OUTPUT    | LVCMOS25    | 12       | SLOW |          |          |       |
| rd<2>                              | IOB     | OUTPUT    | LVCMOS25    | 12       | SLOW |          |          |       |
| rd<3>                              | IOB     | OUTPUT    | LVCMOS25    | 12       | SLOW |          |          |       |
| rd<4>                              | IOB     | OUTPUT    | LVCMOS25    | 12       | SLOW |          |          |       |
| rd<5>                              | IOB     | OUTPUT    | LVCMOS25    | 12       | SLOW |          |          |       |
| rd<6>                              | IOB     | OUTPUT    | LVCMOS25    | 12       | SLOW |          |          |       |
| rd<7>                              | IOB     | OUTPUT    | LVCMOS25    | 12       | SLOW |          |          |       |
| vs                                 | IOB     | OUTPUT    | LVCMOS25    | 12       | SLOW | OFF1     |          |       |
+------------------------------------------------------------------------------------------------------------------------+

Section 7 - RPMs
----------------

Section 8 - Guide Report
------------------------
Guide not run on this design.

Section 9 - Area Group and Partition Summary
--------------------------------------------

Partition Implementation Status
-------------------------------

  No Partitions were found in this design.

-------------------------------

Area Group Information
----------------------

  No area groups were found in this design.

----------------------

Section 10 - Modular Design Summary
-----------------------------------
Modular Design not used for this design.

Section 11 - Timing Report
--------------------------
This design was not run using timing mode.

Section 12 - Configuration String Details
-----------------------------------------
Use the "-detail" map option to print out Configuration Strings

Section 13 - Control Set Information
------------------------------------
No control set information for this architecture.
